[0m[[0mdebug[0m] [0mRunning TaskDef(tictactoe.ViewSpec, org.scalatest.tools.Framework$$anon$1@3d398e9, false, [SuiteSelector])[0m
[0m[[0mdebug[0m] [0mRunning TaskDef(tictactoe.IOSpec, org.scalatest.tools.Framework$$anon$1@3d398e9, false, [SuiteSelector])[0m
[0m[[0mdebug[0m] [0mRunning TaskDef(tictactoe.AISpec, org.scalatest.tools.Framework$$anon$1@3d398e9, false, [SuiteSelector])[0m
[0m[[0mdebug[0m] [0mRunning TaskDef(tictactoe.GameSpec, org.scalatest.tools.Framework$$anon$1@3d398e9, false, [SuiteSelector])[0m
[0m[[0mdebug[0m] [0mRunning TaskDef(tictactoe.BoardSpec, org.scalatest.tools.Framework$$anon$1@3d398e9, false, [SuiteSelector])[0m
[0m[[0mdebug[0m] [0mRunning TaskDef(tictactoe.DialogSpec, org.scalatest.tools.Framework$$anon$1@3d398e9, false, [SuiteSelector])[0m
[0m[[0minfo[0m] [0m[36mRun completed in 512 milliseconds.[0m[0m
[0m[[0minfo[0m] [0m[36mTotal number of tests run: 49[0m[0m
[0m[[0minfo[0m] [0m[36mSuites: completed 6, aborted 0[0m[0m
[0m[[0minfo[0m] [0m[36mTests: succeeded 48, failed 1, canceled 0, ignored 0, pending 0[0m[0m
[0m[[0minfo[0m] [0m[31m*** 1 TEST FAILED ***[0m[0m
[0m[[0mdebug[0m] [0mPassed tests:[0m
[0m[[0mdebug[0m] [0m	tictactoe.IOSpec[0m
[0m[[0mdebug[0m] [0m	tictactoe.BoardSpec[0m
[0m[[0mdebug[0m] [0m	tictactoe.ViewSpec[0m
[0m[[0mdebug[0m] [0m	tictactoe.DialogSpec[0m
[0m[[0mdebug[0m] [0m	tictactoe.GameSpec[0m
[0m[[31merror[0m] [0mFailed tests:[0m
[0m[[31merror[0m] [0m	tictactoe.AISpec[0m
[0m[[31merror[0m] [0m(test:[31mtest[0m) sbt.TestsFailedException: Tests unsuccessful[0m
